[2015-12-01 14:16:23] com.molbase.articlePush.tasks.FetchArticlesTask.call(FetchArticlesTask.java:80)  ERROR - è·å–ç½‘ç«™IDï¼š11783æ•°æ®å‡ºé”™ï¼Œæœ€åæ‰«ææ—¶é—´ï¼šTue Dec 01 09:55:23 CST 2015
java.lang.ArithmeticException: / by zero
	at com.molbase.articlePush.tasks.FetchArticlesTask.call(FetchArticlesTask.java:77)
	at com.molbase.articlePush.tasks.FetchArticlesTask.call(FetchArticlesTask.java:1)
	at java.util.concurrent.FutureTask.run(FutureTask.java:262)
	at java.util.concurrent.ThreadPoolExecutor.runWorker(ThreadPoolExecutor.java:1145)
	at java.util.concurrent.ThreadPoolExecutor$Worker.run(ThreadPoolExecutor.java:615)
	at java.lang.Thread.run(Thread.java:745)
[2015-12-01 14:16:23] com.molbase.articlePush.tasks.FetchArticlesTask.call(FetchArticlesTask.java:80)  ERROR - è·å–ç½‘ç«™IDï¼š11786æ•°æ®å‡ºé”™ï¼Œæœ€åæ‰«ææ—¶é—´ï¼šTue Dec 01 09:57:35 CST 2015
java.lang.ArithmeticException: / by zero
	at com.molbase.articlePush.tasks.FetchArticlesTask.call(FetchArticlesTask.java:77)
	at com.molbase.articlePush.tasks.FetchArticlesTask.call(FetchArticlesTask.java:1)
	at java.util.concurrent.FutureTask.run(FutureTask.java:262)
	at java.util.concurrent.ThreadPoolExecutor.runWorker(ThreadPoolExecutor.java:1145)
	at java.util.concurrent.ThreadPoolExecutor$Worker.run(ThreadPoolExecutor.java:615)
	at java.lang.Thread.run(Thread.java:745)
[2015-12-01 14:16:23] com.molbase.articlePush.tasks.FetchArticlesTask.call(FetchArticlesTask.java:80)  ERROR - è·å–ç½‘ç«™IDï¼š11789æ•°æ®å‡ºé”™ï¼Œæœ€åæ‰«ææ—¶é—´ï¼šTue Dec 01 09:58:52 CST 2015
java.lang.ArithmeticException: / by zero
	at com.molbase.articlePush.tasks.FetchArticlesTask.call(FetchArticlesTask.java:77)
	at com.molbase.articlePush.tasks.FetchArticlesTask.call(FetchArticlesTask.java:1)
	at java.util.concurrent.FutureTask.run(FutureTask.java:262)
	at java.util.concurrent.ThreadPoolExecutor.runWorker(ThreadPoolExecutor.java:1145)
	at java.util.concurrent.ThreadPoolExecutor$Worker.run(ThreadPoolExecutor.java:615)
	at java.lang.Thread.run(Thread.java:745)
[2015-12-01 14:16:23] com.molbase.articlePush.tasks.FetchArticlesTask.call(FetchArticlesTask.java:80)  ERROR - è·å–ç½‘ç«™IDï¼š11780æ•°æ®å‡ºé”™ï¼Œæœ€åæ‰«ææ—¶é—´ï¼šTue Dec 01 09:54:37 CST 2015
java.lang.ArithmeticException: / by zero
	at com.molbase.articlePush.tasks.FetchArticlesTask.call(FetchArticlesTask.java:77)
	at com.molbase.articlePush.tasks.FetchArticlesTask.call(FetchArticlesTask.java:1)
	at java.util.concurrent.FutureTask.run(FutureTask.java:262)
	at java.util.concurrent.ThreadPoolExecutor.runWorker(ThreadPoolExecutor.java:1145)
	at java.util.concurrent.ThreadPoolExecutor$Worker.run(ThreadPoolExecutor.java:615)
	at java.lang.Thread.run(Thread.java:745)
[2015-12-01 14:21:28] com.molbase.articlePush.tasks.FetchArticlesTask.call(FetchArticlesTask.java:80)  ERROR - è·å–ç½‘ç«™IDï¼š11786æ•°æ®å‡ºé”™ï¼Œæœ€åæ‰«ææ—¶é—´ï¼šTue Dec 01 09:57:35 CST 2015
java.lang.ArithmeticException: / by zero
	at com.molbase.articlePush.tasks.FetchArticlesTask.call(FetchArticlesTask.java:77)
	at com.molbase.articlePush.tasks.FetchArticlesTask.call(FetchArticlesTask.java:1)
	at java.util.concurrent.FutureTask.run(FutureTask.java:262)
	at java.util.concurrent.ThreadPoolExecutor.runWorker(ThreadPoolExecutor.java:1145)
	at java.util.concurrent.ThreadPoolExecutor$Worker.run(ThreadPoolExecutor.java:615)
	at java.lang.Thread.run(Thread.java:745)
[2015-12-01 14:21:28] com.molbase.articlePush.tasks.FetchArticlesTask.call(FetchArticlesTask.java:80)  ERROR - è·å–ç½‘ç«™IDï¼š11789æ•°æ®å‡ºé”™ï¼Œæœ€åæ‰«ææ—¶é—´ï¼šTue Dec 01 09:58:52 CST 2015
java.lang.ArithmeticException: / by zero
	at com.molbase.articlePush.tasks.FetchArticlesTask.call(FetchArticlesTask.java:77)
	at com.molbase.articlePush.tasks.FetchArticlesTask.call(FetchArticlesTask.java:1)
	at java.util.concurrent.FutureTask.run(FutureTask.java:262)
	at java.util.concurrent.ThreadPoolExecutor.runWorker(ThreadPoolExecutor.java:1145)
	at java.util.concurrent.ThreadPoolExecutor$Worker.run(ThreadPoolExecutor.java:615)
	at java.lang.Thread.run(Thread.java:745)
[2015-12-01 14:21:28] com.molbase.articlePush.tasks.FetchArticlesTask.call(FetchArticlesTask.java:80)  ERROR - è·å–ç½‘ç«™IDï¼š11780æ•°æ®å‡ºé”™ï¼Œæœ€åæ‰«ææ—¶é—´ï¼šTue Dec 01 09:54:37 CST 2015
java.lang.ArithmeticException: / by zero
	at com.molbase.articlePush.tasks.FetchArticlesTask.call(FetchArticlesTask.java:77)
	at com.molbase.articlePush.tasks.FetchArticlesTask.call(FetchArticlesTask.java:1)
	at java.util.concurrent.FutureTask.run(FutureTask.java:262)
	at java.util.concurrent.ThreadPoolExecutor.runWorker(ThreadPoolExecutor.java:1145)
	at java.util.concurrent.ThreadPoolExecutor$Worker.run(ThreadPoolExecutor.java:615)
	at java.lang.Thread.run(Thread.java:745)
[2015-12-01 14:21:28] com.molbase.articlePush.tasks.FetchArticlesTask.call(FetchArticlesTask.java:80)  ERROR - è·å–ç½‘ç«™IDï¼š11783æ•°æ®å‡ºé”™ï¼Œæœ€åæ‰«ææ—¶é—´ï¼šTue Dec 01 09:55:23 CST 2015
java.lang.ArithmeticException: / by zero
	at com.molbase.articlePush.tasks.FetchArticlesTask.call(FetchArticlesTask.java:77)
	at com.molbase.articlePush.tasks.FetchArticlesTask.call(FetchArticlesTask.java:1)
	at java.util.concurrent.FutureTask.run(FutureTask.java:262)
	at java.util.concurrent.ThreadPoolExecutor.runWorker(ThreadPoolExecutor.java:1145)
	at java.util.concurrent.ThreadPoolExecutor$Worker.run(ThreadPoolExecutor.java:615)
	at java.lang.Thread.run(Thread.java:745)
[2015-12-01 14:21:32] com.molbase.articlePush.http.HttpRequestAssist.post(HttpRequestAssist.java:55)  ERROR - POSTè¯·æ±‚æ—¶å‡ºé”™
org.apache.http.conn.HttpHostConnectException: Connect to localhost:8081 [localhost/127.0.0.1] failed: Connection refused: connect
	at org.apache.http.impl.conn.DefaultHttpClientConnectionOperator.connect(DefaultHttpClientConnectionOperator.java:151)
	at org.apache.http.impl.conn.PoolingHttpClientConnectionManager.connect(PoolingHttpClientConnectionManager.java:353)
	at org.apache.http.impl.execchain.MainClientExec.establishRoute(MainClientExec.java:380)
	at org.apache.http.impl.execchain.MainClientExec.execute(MainClientExec.java:236)
	at org.apache.http.impl.execchain.ProtocolExec.execute(ProtocolExec.java:184)
	at org.apache.http.impl.execchain.RetryExec.execute(RetryExec.java:88)
	at org.apache.http.impl.execchain.RedirectExec.execute(RedirectExec.java:110)
	at org.apache.http.impl.client.InternalHttpClient.doExecute(InternalHttpClient.java:184)
	at org.apache.http.impl.client.CloseableHttpClient.execute(CloseableHttpClient.java:82)
	at org.apache.http.impl.client.CloseableHttpClient.execute(CloseableHttpClient.java:107)
	at com.molbase.articlePush.http.HttpRequestAssist.post(HttpRequestAssist.java:39)
	at com.molbase.articlePush.tasks.PublishArticleTask.call(PublishArticleTask.java:30)
	at com.molbase.articlePush.tasks.PublishArticleTask.call(PublishArticleTask.java:1)
	at java.util.concurrent.FutureTask.run(FutureTask.java:262)
	at java.util.concurrent.ThreadPoolExecutor.runWorker(ThreadPoolExecutor.java:1145)
	at java.util.concurrent.ThreadPoolExecutor$Worker.run(ThreadPoolExecutor.java:615)
	at java.lang.Thread.run(Thread.java:745)
Caused by: java.net.ConnectException: Connection refused: connect
	at java.net.DualStackPlainSocketImpl.waitForConnect(Native Method)
	at java.net.DualStackPlainSocketImpl.socketConnect(DualStackPlainSocketImpl.java:85)
	at java.net.AbstractPlainSocketImpl.doConnect(AbstractPlainSocketImpl.java:339)
	at java.net.AbstractPlainSocketImpl.connectToAddress(AbstractPlainSocketImpl.java:200)
	at java.net.AbstractPlainSocketImpl.connect(AbstractPlainSocketImpl.java:182)
	at java.net.PlainSocketImpl.connect(PlainSocketImpl.java:172)
	at java.net.SocksSocketImpl.connect(SocksSocketImpl.java:392)
	at java.net.Socket.connect(Socket.java:579)
	at org.apache.http.conn.socket.PlainConnectionSocketFactory.connectSocket(PlainConnectionSocketFactory.java:74)
	at org.apache.http.impl.conn.DefaultHttpClientConnectionOperator.connect(DefaultHttpClientConnectionOperator.java:134)
	... 16 more
[2015-12-01 15:51:35] com.molbase.articlePush.ConfigUtils.updateScanTime(ConfigUtils.java:75)  ERROR - ¸ü¸ÄÉ¨ÃèÈÕÆÚ³ö´í
java.lang.NullPointerException
	at java.util.Properties$LineReader.readLine(Properties.java:434)
	at java.util.Properties.load0(Properties.java:353)
	at java.util.Properties.load(Properties.java:341)
	at com.molbase.articlePush.ConfigUtils.updateScanTime(ConfigUtils.java:55)
	at com.molbase.ArticlePush.PatternTest.test3(PatternTest.java:53)
	at sun.reflect.NativeMethodAccessorImpl.invoke0(Native Method)
	at sun.reflect.NativeMethodAccessorImpl.invoke(NativeMethodAccessorImpl.java:57)
	at sun.reflect.DelegatingMethodAccessorImpl.invoke(DelegatingMethodAccessorImpl.java:43)
	at java.lang.reflect.Method.invoke(Method.java:606)
	at org.testng.internal.MethodInvocationHelper.invokeMethod(MethodInvocationHelper.java:84)
	at org.testng.internal.Invoker.invokeMethod(Invoker.java:714)
	at org.testng.internal.Invoker.invokeTestMethod(Invoker.java:901)
	at org.testng.internal.Invoker.invokeTestMethods(Invoker.java:1231)
	at org.testng.internal.TestMethodWorker.invokeTestMethods(TestMethodWorker.java:127)
	at org.testng.internal.TestMethodWorker.run(TestMethodWorker.java:111)
	at org.testng.TestRunner.privateRun(TestRunner.java:767)
	at org.testng.TestRunner.run(TestRunner.java:617)
	at org.testng.SuiteRunner.runTest(SuiteRunner.java:334)
	at org.testng.SuiteRunner.runSequentially(SuiteRunner.java:329)
	at org.testng.SuiteRunner.privateRun(SuiteRunner.java:291)
	at org.testng.SuiteRunner.run(SuiteRunner.java:240)
	at org.testng.SuiteRunnerWorker.runSuite(SuiteRunnerWorker.java:52)
	at org.testng.SuiteRunnerWorker.run(SuiteRunnerWorker.java:86)
	at org.testng.TestNG.runSuitesSequentially(TestNG.java:1224)
	at org.testng.TestNG.runSuitesLocally(TestNG.java:1149)
	at org.testng.TestNG.run(TestNG.java:1057)
	at org.testng.remote.RemoteTestNG.run(RemoteTestNG.java:111)
	at org.testng.remote.RemoteTestNG.initAndRun(RemoteTestNG.java:204)
	at org.testng.remote.RemoteTestNG.main(RemoteTestNG.java:175)
[2015-12-01 17:47:30] com.molbase.articlePush.tasks.FetchArticlesTask.call(FetchArticlesTask.java:80)  ERROR - è·å–ç½‘ç«™IDï¼š11789æ•°æ®å‡ºé”™ï¼Œæœ€åæ‰«ææ—¶é—´ï¼šTue Dec 01 09:58:52 CST 2015
java.lang.ArithmeticException: / by zero
	at com.molbase.articlePush.tasks.FetchArticlesTask.call(FetchArticlesTask.java:77)
	at com.molbase.articlePush.tasks.FetchArticlesTask.call(FetchArticlesTask.java:1)
	at java.util.concurrent.FutureTask.run(FutureTask.java:262)
	at java.util.concurrent.ThreadPoolExecutor.runWorker(ThreadPoolExecutor.java:1145)
	at java.util.concurrent.ThreadPoolExecutor$Worker.run(ThreadPoolExecutor.java:615)
	at java.lang.Thread.run(Thread.java:745)
[2015-12-01 17:47:30] com.molbase.articlePush.tasks.FetchArticlesTask.call(FetchArticlesTask.java:80)  ERROR - è·å–ç½‘ç«™IDï¼š11783æ•°æ®å‡ºé”™ï¼Œæœ€åæ‰«ææ—¶é—´ï¼šTue Dec 01 09:55:23 CST 2015
java.lang.ArithmeticException: / by zero
	at com.molbase.articlePush.tasks.FetchArticlesTask.call(FetchArticlesTask.java:77)
	at com.molbase.articlePush.tasks.FetchArticlesTask.call(FetchArticlesTask.java:1)
	at java.util.concurrent.FutureTask.run(FutureTask.java:262)
	at java.util.concurrent.ThreadPoolExecutor.runWorker(ThreadPoolExecutor.java:1145)
	at java.util.concurrent.ThreadPoolExecutor$Worker.run(ThreadPoolExecutor.java:615)
	at java.lang.Thread.run(Thread.java:745)
[2015-12-01 17:47:30] com.molbase.articlePush.tasks.FetchArticlesTask.call(FetchArticlesTask.java:80)  ERROR - è·å–ç½‘ç«™IDï¼š11780æ•°æ®å‡ºé”™ï¼Œæœ€åæ‰«ææ—¶é—´ï¼šTue Dec 01 09:54:37 CST 2015
java.lang.ArithmeticException: / by zero
	at com.molbase.articlePush.tasks.FetchArticlesTask.call(FetchArticlesTask.java:77)
	at com.molbase.articlePush.tasks.FetchArticlesTask.call(FetchArticlesTask.java:1)
	at java.util.concurrent.FutureTask.run(FutureTask.java:262)
	at java.util.concurrent.ThreadPoolExecutor.runWorker(ThreadPoolExecutor.java:1145)
	at java.util.concurrent.ThreadPoolExecutor$Worker.run(ThreadPoolExecutor.java:615)
	at java.lang.Thread.run(Thread.java:745)
[2015-12-01 17:47:30] com.molbase.articlePush.tasks.FetchArticlesTask.call(FetchArticlesTask.java:80)  ERROR - è·å–ç½‘ç«™IDï¼š11786æ•°æ®å‡ºé”™ï¼Œæœ€åæ‰«ææ—¶é—´ï¼šTue Dec 01 09:57:35 CST 2015
java.lang.ArithmeticException: / by zero
	at com.molbase.articlePush.tasks.FetchArticlesTask.call(FetchArticlesTask.java:77)
	at com.molbase.articlePush.tasks.FetchArticlesTask.call(FetchArticlesTask.java:1)
	at java.util.concurrent.FutureTask.run(FutureTask.java:262)
	at java.util.concurrent.ThreadPoolExecutor.runWorker(ThreadPoolExecutor.java:1145)
	at java.util.concurrent.ThreadPoolExecutor$Worker.run(ThreadPoolExecutor.java:615)
	at java.lang.Thread.run(Thread.java:745)
